[debug] [2021-07-03T05:30:28.548Z] ----------------------------------------------------------------------
[debug] [2021-07-03T05:30:28.550Z] Command:       C:\Program Files\nodejs\node.exe C:\Users\ungk4\AppData\Roaming\npm\node_modules\firebase-tools\lib\bin\firebase.js serve
[debug] [2021-07-03T05:30:28.550Z] CLI Version:   9.14.0
[debug] [2021-07-03T05:30:28.550Z] Platform:      win32
[debug] [2021-07-03T05:30:28.550Z] Node Version:  v14.15.4
[debug] [2021-07-03T05:30:28.552Z] Time:          Sat Jul 03 2021 14:30:28 GMT+0900 (대한민국 표준시)
[debug] [2021-07-03T05:30:28.552Z] ----------------------------------------------------------------------
[debug] 
[debug] [2021-07-03T05:30:28.560Z] > command requires scopes: ["email","openid","https://www.googleapis.com/auth/cloudplatformprojects.readonly","https://www.googleapis.com/auth/firebase","https://www.googleapis.com/auth/cloud-platform"]
[debug] [2021-07-03T05:30:28.560Z] > authorizing via signed-in user (ungk4567@gmail.com)
[debug] [2021-07-03T05:30:28.560Z] [iam] checking project portfolio-c353c for permissions ["firebase.projects.get"]
[debug] [2021-07-03T05:30:28.562Z] >>> HTTP REQUEST POST https://cloudresourcemanager.googleapis.com/v1/projects/portfolio-c353c:testIamPermissions  
 {"permissions":["firebase.projects.get"]}
[debug] [2021-07-03T05:30:29.308Z] <<< HTTP RESPONSE 200 {"content-type":"application/json; charset=UTF-8","vary":"X-Origin, Referer, Origin,Accept-Encoding","date":"Sat, 03 Jul 2021 05:30:29 GMT","server":"ESF","cache-control":"private","x-xss-protection":"0","x-frame-options":"SAMEORIGIN","x-content-type-options":"nosniff","server-timing":"gfet4t7; dur=563","alt-svc":"h3=\":443\"; ma=2592000,h3-29=\":443\"; ma=2592000,h3-T051=\":443\"; ma=2592000,h3-Q050=\":443\"; ma=2592000,h3-Q046=\":443\"; ma=2592000,h3-Q043=\":443\"; ma=2592000,quic=\":443\"; ma=2592000; v=\"46,43\"","accept-ranges":"none","transfer-encoding":"chunked"}
[debug] [2021-07-03T05:30:29.315Z] > refreshing access token with scopes: []
[debug] [2021-07-03T05:30:29.315Z] >>> HTTP REQUEST POST https://www.googleapis.com/oauth2/v3/token  
 <request body omitted>
[debug] [2021-07-03T05:30:29.543Z] <<< HTTP RESPONSE 200 {"date":"Sat, 03 Jul 2021 05:30:29 GMT","expires":"Mon, 01 Jan 1990 00:00:00 GMT","cache-control":"no-cache, no-store, max-age=0, must-revalidate","pragma":"no-cache","content-type":"application/json; charset=utf-8","vary":"X-Origin, Referer, Origin,Accept-Encoding","server":"scaffolding on HTTPServer2","x-xss-protection":"0","x-frame-options":"SAMEORIGIN","x-content-type-options":"nosniff","alt-svc":"h3=\":443\"; ma=2592000,h3-29=\":443\"; ma=2592000,h3-T051=\":443\"; ma=2592000,h3-Q050=\":443\"; ma=2592000,h3-Q046=\":443\"; ma=2592000,h3-Q043=\":443\"; ma=2592000,quic=\":443\"; ma=2592000; v=\"46,43\"","accept-ranges":"none","transfer-encoding":"chunked"}
[debug] [2021-07-03T05:30:29.630Z] >>> [apiv2][query] GET https://firebase.googleapis.com/v1beta1/projects/portfolio-c353c [none]
[debug] [2021-07-03T05:30:30.107Z] <<< [apiv2][status] GET https://firebase.googleapis.com/v1beta1/projects/portfolio-c353c 200
[debug] [2021-07-03T05:30:30.107Z] <<< [apiv2][body] GET https://firebase.googleapis.com/v1beta1/projects/portfolio-c353c {"projectId":"portfolio-c353c","projectNumber":"1026297296328","displayName":"portfolio","name":"projects/portfolio-c353c","resources":{"hostingSite":"portfolio-c353c"},"state":"ACTIVE"}
[info] 
[info] === Serving from 'C:\Users\ungk4\git\fePortfolio'...
[info] 
[info] +  functions: Using node@14 from host. {"metadata":{"emulator":{"name":"functions"},"message":"Using node@14 from host."}}
[debug] [2021-07-03T05:30:30.124Z] defaultcredentials: writing to file C:\Users\ungk4\AppData\Roaming\firebase\ungk4567_gmail_com_application_default_credentials.json
[debug] [2021-07-03T05:30:30.127Z] Setting GAC to C:\Users\ungk4\AppData\Roaming\firebase\ungk4567_gmail_com_application_default_credentials.json {"metadata":{"emulator":{"name":"functions"},"message":"Setting GAC to C:\\Users\\ungk4\\AppData\\Roaming\\firebase\\ungk4567_gmail_com_application_default_credentials.json"}}
[debug] [2021-07-03T05:30:30.128Z] >>> [apiv2][query] GET https://firebase.googleapis.com/v1beta1/projects/portfolio-c353c/adminSdkConfig [none]
[debug] [2021-07-03T05:30:30.812Z] <<< [apiv2][status] GET https://firebase.googleapis.com/v1beta1/projects/portfolio-c353c/adminSdkConfig 200
[debug] [2021-07-03T05:30:30.812Z] <<< [apiv2][body] GET https://firebase.googleapis.com/v1beta1/projects/portfolio-c353c/adminSdkConfig {"projectId":"portfolio-c353c","storageBucket":"portfolio-c353c.appspot.com"}
[info] i  functions: Watching "C:\Users\ungk4\git\fePortfolio\functions" for Cloud Functions... {"metadata":{"emulator":{"name":"functions"},"message":"Watching \"C:\\Users\\ungk4\\git\\fePortfolio\\functions\" for Cloud Functions..."}}
[debug] [2021-07-03T05:30:30.880Z] [worker-pool] addWorker(~diagnostic~) {"metadata":{"emulator":{"name":"functions"},"message":"[worker-pool] addWorker(~diagnostic~)"}}
[debug] [2021-07-03T05:30:30.880Z] [worker-pool] Adding worker with key ~diagnostic~, total=1 {"metadata":{"emulator":{"name":"functions"},"message":"[worker-pool] Adding worker with key ~diagnostic~, total=1"}}
[debug] [2021-07-03T05:30:30.880Z] [worker-pool] submitWork(triggerId=) {"metadata":{"emulator":{"name":"functions"},"message":"[worker-pool] submitWork(triggerId=)"}}
[debug] [2021-07-03T05:30:30.881Z] [worker-~diagnostic~-bd269aba-2b0a-4b6d-833f-87f0abe52a10]: Assigning socketPath: \\?\pipe\C:\Users\ungk4\git\fePortfolio\functions\12884 {"metadata":{"emulator":{"name":"functions"},"message":"[worker-~diagnostic~-bd269aba-2b0a-4b6d-833f-87f0abe52a10]: Assigning socketPath: \\\\?\\pipe\\C:\\Users\\ungk4\\git\\fePortfolio\\functions\\12884"}}
[debug] [2021-07-03T05:30:30.881Z] [worker-~diagnostic~-bd269aba-2b0a-4b6d-833f-87f0abe52a10]: BUSY {"metadata":{"emulator":{"name":"functions"},"message":"[worker-~diagnostic~-bd269aba-2b0a-4b6d-833f-87f0abe52a10]: BUSY"}}
[debug] [2021-07-03T05:30:31.074Z] [runtime-status] [12884] Functions runtime initialized. {"cwd":"C:\\Users\\ungk4\\git\\fePortfolio\\functions","node_version":"14.15.4"} {"metadata":{"emulator":{"name":"functions"},"message":"[runtime-status] [12884] Functions runtime initialized. {\"cwd\":\"C:\\\\Users\\\\ungk4\\\\git\\\\fePortfolio\\\\functions\",\"node_version\":\"14.15.4\"}"}}
[debug] [2021-07-03T05:30:31.074Z] [runtime-status] [12884] Disabled runtime features: undefined {"metadata":{"emulator":{"name":"functions"},"message":"[runtime-status] [12884] Disabled runtime features: undefined"}}
[debug] [2021-07-03T05:30:31.078Z] [runtime-status] [12884] Resolved module firebase-admin {"declared":true,"installed":true,"version":"9.10.0","resolution":"C:\\Users\\ungk4\\git\\fePortfolio\\functions\\node_modules\\firebase-admin\\lib\\index.js"} {"metadata":{"emulator":{"name":"functions"},"message":"[runtime-status] [12884] Resolved module firebase-admin {\"declared\":true,\"installed\":true,\"version\":\"9.10.0\",\"resolution\":\"C:\\\\Users\\\\ungk4\\\\git\\\\fePortfolio\\\\functions\\\\node_modules\\\\firebase-admin\\\\lib\\\\index.js\"}"}}
[debug] [2021-07-03T05:30:31.080Z] [runtime-status] [12884] Resolved module firebase-functions {"declared":true,"installed":true,"version":"3.14.1","resolution":"C:\\Users\\ungk4\\git\\fePortfolio\\functions\\node_modules\\firebase-functions\\lib\\index.js"} {"metadata":{"emulator":{"name":"functions"},"message":"[runtime-status] [12884] Resolved module firebase-functions {\"declared\":true,\"installed\":true,\"version\":\"3.14.1\",\"resolution\":\"C:\\\\Users\\\\ungk4\\\\git\\\\fePortfolio\\\\functions\\\\node_modules\\\\firebase-functions\\\\lib\\\\index.js\"}"}}
[debug] [2021-07-03T05:30:31.082Z] [runtime-status] [12884] Resolved module firebase-functions {"declared":true,"installed":true,"version":"3.14.1","resolution":"C:\\Users\\ungk4\\git\\fePortfolio\\functions\\node_modules\\firebase-functions\\lib\\index.js"} {"metadata":{"emulator":{"name":"functions"},"message":"[runtime-status] [12884] Resolved module firebase-functions {\"declared\":true,\"installed\":true,\"version\":\"3.14.1\",\"resolution\":\"C:\\\\Users\\\\ungk4\\\\git\\\\fePortfolio\\\\functions\\\\node_modules\\\\firebase-functions\\\\lib\\\\index.js\"}"}}
[debug] [2021-07-03T05:30:31.083Z] [runtime-status] [12884] Outgoing network have been stubbed. [{"name":"http","status":"mocked"},{"name":"http","status":"mocked"},{"name":"https","status":"mocked"},{"name":"https","status":"mocked"},{"name":"net","status":"mocked"}] {"metadata":{"emulator":{"name":"functions"},"message":"[runtime-status] [12884] Outgoing network have been stubbed. [{\"name\":\"http\",\"status\":\"mocked\"},{\"name\":\"http\",\"status\":\"mocked\"},{\"name\":\"https\",\"status\":\"mocked\"},{\"name\":\"https\",\"status\":\"mocked\"},{\"name\":\"net\",\"status\":\"mocked\"}]"}}
[debug] [2021-07-03T05:30:31.084Z] [runtime-status] [12884] Resolved module firebase-functions {"declared":true,"installed":true,"version":"3.14.1","resolution":"C:\\Users\\ungk4\\git\\fePortfolio\\functions\\node_modules\\firebase-functions\\lib\\index.js"} {"metadata":{"emulator":{"name":"functions"},"message":"[runtime-status] [12884] Resolved module firebase-functions {\"declared\":true,\"installed\":true,\"version\":\"3.14.1\",\"resolution\":\"C:\\\\Users\\\\ungk4\\\\git\\\\fePortfolio\\\\functions\\\\node_modules\\\\firebase-functions\\\\lib\\\\index.js\"}"}}
[debug] [2021-07-03T05:30:31.135Z] [runtime-status] [12884] Checked functions.config() {"config":{}} {"metadata":{"emulator":{"name":"functions"},"message":"[runtime-status] [12884] Checked functions.config() {\"config\":{}}"}}
[debug] [2021-07-03T05:30:31.135Z] [runtime-status] [12884] firebase-functions has been stubbed. {"functionsResolution":{"declared":true,"installed":true,"version":"3.14.1","resolution":"C:\\Users\\ungk4\\git\\fePortfolio\\functions\\node_modules\\firebase-functions\\lib\\index.js"}} {"metadata":{"emulator":{"name":"functions"},"message":"[runtime-status] [12884] firebase-functions has been stubbed. {\"functionsResolution\":{\"declared\":true,\"installed\":true,\"version\":\"3.14.1\",\"resolution\":\"C:\\\\Users\\\\ungk4\\\\git\\\\fePortfolio\\\\functions\\\\node_modules\\\\firebase-functions\\\\lib\\\\index.js\"}}"}}
[debug] [2021-07-03T05:30:31.136Z] [runtime-status] [12884] Resolved module firebase-functions {"declared":true,"installed":true,"version":"3.14.1","resolution":"C:\\Users\\ungk4\\git\\fePortfolio\\functions\\node_modules\\firebase-functions\\lib\\index.js"} {"metadata":{"emulator":{"name":"functions"},"message":"[runtime-status] [12884] Resolved module firebase-functions {\"declared\":true,\"installed\":true,\"version\":\"3.14.1\",\"resolution\":\"C:\\\\Users\\\\ungk4\\\\git\\\\fePortfolio\\\\functions\\\\node_modules\\\\firebase-functions\\\\lib\\\\index.js\"}"}}
[debug] [2021-07-03T05:30:31.137Z] [runtime-status] [12884] Resolved module firebase-admin {"declared":true,"installed":true,"version":"9.10.0","resolution":"C:\\Users\\ungk4\\git\\fePortfolio\\functions\\node_modules\\firebase-admin\\lib\\index.js"} {"metadata":{"emulator":{"name":"functions"},"message":"[runtime-status] [12884] Resolved module firebase-admin {\"declared\":true,\"installed\":true,\"version\":\"9.10.0\",\"resolution\":\"C:\\\\Users\\\\ungk4\\\\git\\\\fePortfolio\\\\functions\\\\node_modules\\\\firebase-admin\\\\lib\\\\index.js\"}"}}
[debug] [2021-07-03T05:30:31.137Z] [runtime-status] [12884] Resolved module firebase-functions {"declared":true,"installed":true,"version":"3.14.1","resolution":"C:\\Users\\ungk4\\git\\fePortfolio\\functions\\node_modules\\firebase-functions\\lib\\index.js"} {"metadata":{"emulator":{"name":"functions"},"message":"[runtime-status] [12884] Resolved module firebase-functions {\"declared\":true,\"installed\":true,\"version\":\"3.14.1\",\"resolution\":\"C:\\\\Users\\\\ungk4\\\\git\\\\fePortfolio\\\\functions\\\\node_modules\\\\firebase-functions\\\\lib\\\\index.js\"}"}}
[debug] [2021-07-03T05:30:31.138Z] [runtime-status] [12884] firebase-admin has been stubbed. {"adminResolution":{"declared":true,"installed":true,"version":"9.10.0","resolution":"C:\\Users\\ungk4\\git\\fePortfolio\\functions\\node_modules\\firebase-admin\\lib\\index.js"}} {"metadata":{"emulator":{"name":"functions"},"message":"[runtime-status] [12884] firebase-admin has been stubbed. {\"adminResolution\":{\"declared\":true,\"installed\":true,\"version\":\"9.10.0\",\"resolution\":\"C:\\\\Users\\\\ungk4\\\\git\\\\fePortfolio\\\\functions\\\\node_modules\\\\firebase-admin\\\\lib\\\\index.js\"}}"}}
[debug] [2021-07-03T05:30:31.141Z] [worker-~diagnostic~-bd269aba-2b0a-4b6d-833f-87f0abe52a10]: IDLE {"metadata":{"emulator":{"name":"functions"},"message":"[worker-~diagnostic~-bd269aba-2b0a-4b6d-833f-87f0abe52a10]: IDLE"}}
